<?xml version="1.0" encoding="UTF-8"?>
<!-- Generated by org.testng.reporters.JUnitReportReporter -->
<testsuite hostname="MT-79DHR93" failures="0" tests="1" name="com.mindtree.hybrid.utilities.SearchTest" time="16.594" errors="0" timestamp="2021-11-22T15:56:37 IST" skipped="0">
  <testcase classname="com.mindtree.hybrid.utilities.SearchTest" name="Search_page_navigation" time="16.594"/>
  <system-out/>
</testsuite> <!-- com.mindtree.hybrid.utilities.SearchTest -->
