<?xml version="1.0" encoding="UTF-8"?>
<!-- Generated by org.testng.reporters.JUnitReportReporter -->
<testsuite hostname="MT-79DHR93" failures="0" tests="1" name="Demo.Demo1.AppTest" time="0.002" errors="0" timestamp="2021-11-18T00:01:54 IST" skipped="0">
  <testcase classname="Demo.Demo1.AppTest" name="shouldAnswerWithTrue" time="0.002"/>
  <system-out/>
</testsuite> <!-- Demo.Demo1.AppTest -->
