<?xml version="1.0" encoding="UTF-8"?>
<!-- Generated by org.testng.reporters.JUnitReportReporter -->
<testsuite hostname="MT-79DHR93" name="com.mindtree.hybrid.utilities.allOfItTC" tests="1" failures="0" timestamp="22 Nov 2021 16:25:24 GMT" time="21.224" errors="0">
  <testcase name="Home_Items" time="21.224" classname="com.mindtree.hybrid.utilities.allOfItTC"/>
</testsuite> <!-- com.mindtree.hybrid.utilities.allOfItTC -->
