<?xml version="1.0" encoding="UTF-8"?>
<!-- Generated by org.testng.reporters.JUnitReportReporter -->
<testsuite hostname="MT-79DHR93" name="com.mindtree.hybrid.utilities.logingPageTc" tests="1" failures="0" timestamp="22 Nov 2021 16:25:24 GMT" time="14.673" errors="0">
  <testcase name="Loging_Page" time="14.673" classname="com.mindtree.hybrid.utilities.logingPageTc"/>
</testsuite> <!-- com.mindtree.hybrid.utilities.logingPageTc -->
